<?xml version="1.0" encoding="UTF-8"?>
<!-- Generated by org.testng.reporters.JUnitReportReporter -->
<testsuite hostname="AVAJ" failures="0" tests="1" name="TestRunner.MyTestRunner" time="27.305" errors="0" timestamp="2025-08-26T09:28:46 IST" skipped="0">
  <testcase classname="TestRunner.MyTestRunner" name="runScenario" time="27.305"/>
</testsuite> <!-- TestRunner.MyTestRunner -->
